nohup: ignoring input
INFO:     Started server process [29153]
INFO:     Waiting for application startup.
INFO:     Application startup complete.
INFO:     Uvicorn running on http://0.0.0.0:8000 (Press CTRL+C to quit)
INFO:     127.0.0.1:60694 - "GET /api/v1/health HTTP/1.1" 200 OK
INFO:     127.0.0.1:45120 - "POST /api/v1/auth/login HTTP/1.1" 200 OK
INFO:     127.0.0.1:56784 - "POST /api/v1/auth/login HTTP/1.1" 200 OK
INFO:     127.0.0.1:56798 - "GET /api/v1/workspaces/me HTTP/1.1" 200 OK
INFO:     127.0.0.1:56792 - "GET /api/v1/users/me HTTP/1.1" 200 OK
INFO:     127.0.0.1:56812 - "GET /api/v1/users/me HTTP/1.1" 200 OK
INFO:     127.0.0.1:56824 - "GET /api/v1/workspaces/me HTTP/1.1" 200 OK
INFO:     127.0.0.1:39356 - "PUT /api/v1/workspaces/me HTTP/1.1" 200 OK
INFO:     127.0.0.1:37010 - "PUT /api/v1/workspaces/me HTTP/1.1" 200 OK
INFO:     127.0.0.1:37026 - "PUT /api/v1/workspaces/me HTTP/1.1" 200 OK
INFO:     127.0.0.1:37038 - "PUT /api/v1/workspaces/me HTTP/1.1" 200 OK
INFO:     127.0.0.1:37044 - "PUT /api/v1/workspaces/me HTTP/1.1" 200 OK
INFO:     127.0.0.1:34516 - "POST /api/v1/auth/login HTTP/1.1" 200 OK
INFO:     127.0.0.1:34528 - "GET /api/v1/users/me HTTP/1.1" 200 OK
INFO:     127.0.0.1:34540 - "GET /api/v1/workspaces/me HTTP/1.1" 200 OK
INFO:     127.0.0.1:34548 - "GET /api/v1/users/me HTTP/1.1" 200 OK
INFO:     127.0.0.1:34552 - "GET /api/v1/workspaces/me HTTP/1.1" 200 OK
INFO:     127.0.0.1:41568 - "POST /api/v1/auth/login HTTP/1.1" 200 OK
INFO:     127.0.0.1:41580 - "GET /api/v1/users/me HTTP/1.1" 200 OK
INFO:     127.0.0.1:41582 - "GET /api/v1/workspaces/me HTTP/1.1" 200 OK
INFO:     127.0.0.1:41604 - "GET /api/v1/workspaces/me HTTP/1.1" 500 Internal Server Error
ERROR:    Exception in ASGI application
Traceback (most recent call last):
  File "/home/sos10/Documents/EOEX/deepseek/.venv/lib/python3.12/site-packages/sqlalchemy/engine/base.py", line 1967, in _exec_single_context
    self.dialect.do_execute(
  File "/home/sos10/Documents/EOEX/deepseek/.venv/lib/python3.12/site-packages/sqlalchemy/engine/default.py", line 941, in do_execute
    cursor.execute(statement, parameters)
sqlite3.InterfaceError: bad parameter or other API misuse

The above exception was the direct cause of the following exception:

Traceback (most recent call last):
  File "/home/sos10/Documents/EOEX/deepseek/.venv/lib/python3.12/site-packages/uvicorn/protocols/http/httptools_impl.py", line 401, in run_asgi
    result = await app(  # type: ignore[func-returns-value]
             ^^^^^^^^^^^^^^^^^^^^^^^^^^^^^^^^^^^^^^^^^^^^^^
  File "/home/sos10/Documents/EOEX/deepseek/.venv/lib/python3.12/site-packages/uvicorn/middleware/proxy_headers.py", line 70, in __call__
    return await self.app(scope, receive, send)
           ^^^^^^^^^^^^^^^^^^^^^^^^^^^^^^^^^^^^
  File "/home/sos10/Documents/EOEX/deepseek/.venv/lib/python3.12/site-packages/fastapi/applications.py", line 1054, in __call__
    await super().__call__(scope, receive, send)
  File "/home/sos10/Documents/EOEX/deepseek/.venv/lib/python3.12/site-packages/starlette/applications.py", line 113, in __call__
    await self.middleware_stack(scope, receive, send)
  File "/home/sos10/Documents/EOEX/deepseek/.venv/lib/python3.12/site-packages/starlette/middleware/errors.py", line 187, in __call__
    raise exc
  File "/home/sos10/Documents/EOEX/deepseek/.venv/lib/python3.12/site-packages/starlette/middleware/errors.py", line 165, in __call__
    await self.app(scope, receive, _send)
  File "/home/sos10/Documents/EOEX/deepseek/.venv/lib/python3.12/site-packages/starlette/middleware/cors.py", line 85, in __call__
    await self.app(scope, receive, send)
  File "/home/sos10/Documents/EOEX/deepseek/.venv/lib/python3.12/site-packages/starlette/middleware/exceptions.py", line 62, in __call__
    await wrap_app_handling_exceptions(self.app, conn)(scope, receive, send)
  File "/home/sos10/Documents/EOEX/deepseek/.venv/lib/python3.12/site-packages/starlette/_exception_handler.py", line 53, in wrapped_app
    raise exc
  File "/home/sos10/Documents/EOEX/deepseek/.venv/lib/python3.12/site-packages/starlette/_exception_handler.py", line 42, in wrapped_app
    await app(scope, receive, sender)
  File "/home/sos10/Documents/EOEX/deepseek/.venv/lib/python3.12/site-packages/starlette/routing.py", line 715, in __call__
    await self.middleware_stack(scope, receive, send)
  File "/home/sos10/Documents/EOEX/deepseek/.venv/lib/python3.12/site-packages/starlette/routing.py", line 735, in app
    await route.handle(scope, receive, send)
  File "/home/sos10/Documents/EOEX/deepseek/.venv/lib/python3.12/site-packages/starlette/routing.py", line 288, in handle
    await self.app(scope, receive, send)
  File "/home/sos10/Documents/EOEX/deepseek/.venv/lib/python3.12/site-packages/starlette/routing.py", line 76, in app
    await wrap_app_handling_exceptions(app, request)(scope, receive, send)
  File "/home/sos10/Documents/EOEX/deepseek/.venv/lib/python3.12/site-packages/starlette/_exception_handler.py", line 53, in wrapped_app
    raise exc
  File "/home/sos10/Documents/EOEX/deepseek/.venv/lib/python3.12/site-packages/starlette/_exception_handler.py", line 42, in wrapped_app
    await app(scope, receive, sender)
  File "/home/sos10/Documents/EOEX/deepseek/.venv/lib/python3.12/site-packages/starlette/routing.py", line 73, in app
    response = await f(request)
               ^^^^^^^^^^^^^^^^
  File "/home/sos10/Documents/EOEX/deepseek/.venv/lib/python3.12/site-packages/fastapi/routing.py", line 291, in app
    solved_result = await solve_dependencies(
                    ^^^^^^^^^^^^^^^^^^^^^^^^^
  File "/home/sos10/Documents/EOEX/deepseek/.venv/lib/python3.12/site-packages/fastapi/dependencies/utils.py", line 640, in solve_dependencies
    solved = await run_in_threadpool(call, **solved_result.values)
             ^^^^^^^^^^^^^^^^^^^^^^^^^^^^^^^^^^^^^^^^^^^^^^^^^^^^^
  File "/home/sos10/Documents/EOEX/deepseek/.venv/lib/python3.12/site-packages/starlette/concurrency.py", line 39, in run_in_threadpool
    return await anyio.to_thread.run_sync(func, *args)
           ^^^^^^^^^^^^^^^^^^^^^^^^^^^^^^^^^^^^^^^^^^^
  File "/home/sos10/Documents/EOEX/deepseek/.venv/lib/python3.12/site-packages/anyio/to_thread.py", line 63, in run_sync
    return await get_async_backend().run_sync_in_worker_thread(
           ^^^^^^^^^^^^^^^^^^^^^^^^^^^^^^^^^^^^^^^^^^^^^^^^^^^^
  File "/home/sos10/Documents/EOEX/deepseek/.venv/lib/python3.12/site-packages/anyio/_backends/_asyncio.py", line 2502, in run_sync_in_worker_thread
    return await future
           ^^^^^^^^^^^^
  File "/home/sos10/Documents/EOEX/deepseek/.venv/lib/python3.12/site-packages/anyio/_backends/_asyncio.py", line 986, in run
    result = context.run(func, *args)
             ^^^^^^^^^^^^^^^^^^^^^^^^
  File "/home/sos10/Documents/EOEX/kcd/backend/app/api/users.py", line 53, in get_current_user
    user = UserService.get_user_by_email(db, email)
           ^^^^^^^^^^^^^^^^^^^^^^^^^^^^^^^^^^^^^^^^
  File "/home/sos10/Documents/EOEX/kcd/backend/app/services/user_service.py", line 69, in get_user_by_email
    return db.query(User).filter(User.email == email).first()
           ^^^^^^^^^^^^^^^^^^^^^^^^^^^^^^^^^^^^^^^^^^^^^^^^^^
  File "/home/sos10/Documents/EOEX/deepseek/.venv/lib/python3.12/site-packages/sqlalchemy/orm/query.py", line 2728, in first
    return self.limit(1)._iter().first()  # type: ignore
           ^^^^^^^^^^^^^^^^^^^^^
  File "/home/sos10/Documents/EOEX/deepseek/.venv/lib/python3.12/site-packages/sqlalchemy/orm/query.py", line 2827, in _iter
    result: Union[ScalarResult[_T], Result[_T]] = self.session.execute(
                                                  ^^^^^^^^^^^^^^^^^^^^^
  File "/home/sos10/Documents/EOEX/deepseek/.venv/lib/python3.12/site-packages/sqlalchemy/orm/session.py", line 2362, in execute
    return self._execute_internal(
           ^^^^^^^^^^^^^^^^^^^^^^^
  File "/home/sos10/Documents/EOEX/deepseek/.venv/lib/python3.12/site-packages/sqlalchemy/orm/session.py", line 2247, in _execute_internal
    result: Result[Any] = compile_state_cls.orm_execute_statement(
                          ^^^^^^^^^^^^^^^^^^^^^^^^^^^^^^^^^^^^^^^^
  File "/home/sos10/Documents/EOEX/deepseek/.venv/lib/python3.12/site-packages/sqlalchemy/orm/context.py", line 305, in orm_execute_statement
    result = conn.execute(
             ^^^^^^^^^^^^^
  File "/home/sos10/Documents/EOEX/deepseek/.venv/lib/python3.12/site-packages/sqlalchemy/engine/base.py", line 1418, in execute
    return meth(
           ^^^^^
  File "/home/sos10/Documents/EOEX/deepseek/.venv/lib/python3.12/site-packages/sqlalchemy/sql/elements.py", line 515, in _execute_on_connection
    return connection._execute_clauseelement(
           ^^^^^^^^^^^^^^^^^^^^^^^^^^^^^^^^^^
  File "/home/sos10/Documents/EOEX/deepseek/.venv/lib/python3.12/site-packages/sqlalchemy/engine/base.py", line 1640, in _execute_clauseelement
    ret = self._execute_context(
          ^^^^^^^^^^^^^^^^^^^^^^
  File "/home/sos10/Documents/EOEX/deepseek/.venv/lib/python3.12/site-packages/sqlalchemy/engine/base.py", line 1846, in _execute_context
    return self._exec_single_context(
           ^^^^^^^^^^^^^^^^^^^^^^^^^^
  File "/home/sos10/Documents/EOEX/deepseek/.venv/lib/python3.12/site-packages/sqlalchemy/engine/base.py", line 1986, in _exec_single_context
    self._handle_dbapi_exception(
  File "/home/sos10/Documents/EOEX/deepseek/.venv/lib/python3.12/site-packages/sqlalchemy/engine/base.py", line 2355, in _handle_dbapi_exception
    raise sqlalchemy_exception.with_traceback(exc_info[2]) from e
  File "/home/sos10/Documents/EOEX/deepseek/.venv/lib/python3.12/site-packages/sqlalchemy/engine/base.py", line 1967, in _exec_single_context
    self.dialect.do_execute(
  File "/home/sos10/Documents/EOEX/deepseek/.venv/lib/python3.12/site-packages/sqlalchemy/engine/default.py", line 941, in do_execute
    cursor.execute(statement, parameters)
sqlalchemy.exc.InterfaceError: (sqlite3.InterfaceError) bad parameter or other API misuse
[SQL: SELECT users.id AS users_id, users.email AS users_email, users.hashed_password AS users_hashed_password, users.full_name AS users_full_name, users.role AS users_role, users.is_active AS users_is_active, users.is_verified AS users_is_verified, users.subscription_tier AS users_subscription_tier, users.created_at AS users_created_at, users.updated_at AS users_updated_at, users.last_login AS users_last_login, users.avatar_url AS users_avatar_url, users.bio AS users_bio, users.user_metadata AS users_user_metadata 
FROM users 
WHERE users.email = ?
 LIMIT ? OFFSET ?]
[parameters: ('moderator@kcd-agency.com', 1, 0)]
(Background on this error at: https://sqlalche.me/e/20/rvf5)
INFO:     127.0.0.1:41598 - "GET /api/v1/users/me HTTP/1.1" 404 Not Found
INFO:     127.0.0.1:44212 - "POST /api/v1/auth/login HTTP/1.1" 200 OK
INFO:     127.0.0.1:44214 - "GET /api/v1/users/me HTTP/1.1" 200 OK
INFO:     127.0.0.1:44230 - "GET /api/v1/workspaces/me HTTP/1.1" 200 OK
INFO:     127.0.0.1:44232 - "GET /api/v1/users/me HTTP/1.1" 200 OK
INFO:     127.0.0.1:44242 - "GET /api/v1/workspaces/me HTTP/1.1" 200 OK
INFO:     127.0.0.1:40450 - "POST /api/v1/auth/login HTTP/1.1" 200 OK
INFO:     127.0.0.1:40464 - "GET /api/v1/users/me HTTP/1.1" 200 OK
INFO:     127.0.0.1:40466 - "GET /api/v1/workspaces/me HTTP/1.1" 200 OK
INFO:     127.0.0.1:40474 - "GET /api/v1/users/me HTTP/1.1" 200 OK
INFO:     127.0.0.1:40476 - "GET /api/v1/workspaces/me HTTP/1.1" 200 OK
INFO:     127.0.0.1:55514 - "POST /api/v1/auth/login HTTP/1.1" 200 OK
INFO:     127.0.0.1:55518 - "GET /api/v1/users/me HTTP/1.1" 200 OK
INFO:     127.0.0.1:55522 - "GET /api/v1/workspaces/me HTTP/1.1" 200 OK
INFO:     127.0.0.1:55524 - "GET /api/v1/users/me HTTP/1.1" 200 OK
INFO:     127.0.0.1:55536 - "GET /api/v1/workspaces/me HTTP/1.1" 200 OK
INFO:     Shutting down
INFO:     Waiting for application shutdown.
INFO:     Application shutdown complete.
INFO:     Finished server process [29153]
